<?xml version="1.0" encoding="UTF-8"?>
<!-- Generated by org.testng.reporters.JUnitXMLReporter -->
<testsuite hostname="dell-PC" ignored="0" name="Test" tests="1" failures="1" timestamp="22 Feb 2018 07:10:53 GMT" time="25.612" errors="0">
  <testcase name="merge" time="14.689" classname="tests.Mergeleads">
    <failure type="java.lang.NullPointerException">
      <![CDATA[java.lang.NullPointerException
at tests.Mergeleads.merge(Mergeleads.java:33)
... Removed 25 stack frames]]>
    </failure>
  </testcase> <!-- merge -->
</testsuite> <!-- Test -->
