<?xml version="1.0" encoding="UTF-8"?>
<testng-results skipped="0" failed="0" ignored="0" total="1" passed="1">
  <reporter-output>
  </reporter-output>
  <suite name="Default suite" duration-ms="491" started-at="2018-02-26T05:02:54Z" finished-at="2018-02-26T05:02:54Z">
    <groups>
    </groups>
    <test name="Default test" duration-ms="491" started-at="2018-02-26T05:02:54Z" finished-at="2018-02-26T05:02:54Z">
      <class name="tests.LearnExtentReports">
        <test-method status="PASS" signature="report()[pri:0, instance:tests.LearnExtentReports@6fa38a]" name="report" duration-ms="467" started-at="2018-02-26T05:02:54Z" finished-at="2018-02-26T05:02:54Z">
          <reporter-output>
          </reporter-output>
        </test-method> <!-- report -->
      </class> <!-- tests.LearnExtentReports -->
    </test> <!-- Default test -->
  </suite> <!-- Default suite -->
</testng-results>
